c:\users\arman\source\repos\vulkanfirstproj\vulkanfirstproj\x64\debug\vc143.pdb
c:\users\arman\source\repos\vulkanfirstproj\vulkanfirstproj\x64\debug\vc143.idb
c:\users\arman\source\repos\vulkanfirstproj\vulkanfirstproj\x64\debug\simple_render_system.obj
c:\users\arman\source\repos\vulkanfirstproj\vulkanfirstproj\x64\debug\main.obj
c:\users\arman\source\repos\vulkanfirstproj\vulkanfirstproj\x64\debug\lve_window.obj
c:\users\arman\source\repos\vulkanfirstproj\vulkanfirstproj\x64\debug\lve_swap_chain.obj
c:\users\arman\source\repos\vulkanfirstproj\vulkanfirstproj\x64\debug\lve_renderer.obj
c:\users\arman\source\repos\vulkanfirstproj\vulkanfirstproj\x64\debug\lve_pipeline.obj
c:\users\arman\source\repos\vulkanfirstproj\vulkanfirstproj\x64\debug\lve_model.obj
c:\users\arman\source\repos\vulkanfirstproj\vulkanfirstproj\x64\debug\lve_device.obj
c:\users\arman\source\repos\vulkanfirstproj\vulkanfirstproj\x64\debug\first_app.obj
c:\users\arman\source\repos\vulkanfirstproj\vulkanfirstproj\x64\debug\lve_camera.obj
c:\users\arman\source\repos\vulkanfirstproj\vulkanfirstproj\x64\debug\keyboard_movement_controller.obj
c:\users\arman\source\repos\vulkanfirstproj\x64\debug\vulkanfirstproj.exe
c:\users\arman\source\repos\vulkanfirstproj\vulkanfirstproj\x64\debug\vulkanfirstproj.ilk
c:\users\arman\source\repos\vulkanfirstproj\x64\debug\vulkanfirstproj.pdb
c:\users\arman\source\repos\vulkanfirstproj\vulkanfirstproj\x64\debug\vulkanfirstproj.tlog\cl.command.1.tlog
c:\users\arman\source\repos\vulkanfirstproj\vulkanfirstproj\x64\debug\vulkanfirstproj.tlog\cl.read.1.tlog
c:\users\arman\source\repos\vulkanfirstproj\vulkanfirstproj\x64\debug\vulkanfirstproj.tlog\cl.write.1.tlog
c:\users\arman\source\repos\vulkanfirstproj\vulkanfirstproj\x64\debug\vulkanfirstproj.tlog\link.command.1.tlog
c:\users\arman\source\repos\vulkanfirstproj\vulkanfirstproj\x64\debug\vulkanfirstproj.tlog\link.read.1.tlog
c:\users\arman\source\repos\vulkanfirstproj\vulkanfirstproj\x64\debug\vulkanfirstproj.tlog\link.write.1.tlog
